<?xml version="1.0" encoding="UTF-8"?>
<!-- Generated by org.testng.reporters.JUnitReportReporter -->
<testsuite hostname="hp" name="org.testing.TestScripts.TC2" tests="1" failures="0" timestamp="17 May 2019 18:20:53 GMT" time="26.599" errors="0">
  <testcase name="tc5" time="26.599" classname="org.testing.TestScripts.TC2"/>
</testsuite> <!-- org.testing.TestScripts.TC2 -->
