<?xml version="1.0" encoding="UTF-8"?>
<!-- Generated by org.testng.reporters.JUnitReportReporter -->
<testsuite hostname="hp" name="org.testing.TestScripts.TC3" tests="1" failures="0" timestamp="17 May 2019 18:20:53 GMT" time="94.423" errors="0">
  <testcase name="tc8" time="94.423" classname="org.testing.TestScripts.TC3"/>
</testsuite> <!-- org.testing.TestScripts.TC3 -->
