<?xml version="1.0" encoding="UTF-8"?>
<!-- Generated by org.testng.reporters.JUnitReportReporter -->
<testsuite hostname="hp" name="org.testing.TestScripts.TC4" tests="1" failures="0" timestamp="17 May 2019 18:20:53 GMT" time="34.829" errors="0">
  <testcase name="tc8" time="34.829" classname="org.testing.TestScripts.TC4"/>
</testsuite> <!-- org.testing.TestScripts.TC4 -->
